Copyright 1986-1999, 2001-2013 Xilinx, Inc. All Rights Reserved.
---------------------------------------------------------------------------------------------------------------------------
| Tool Version     : Vivado v.2013.3 (lin64) Build 329390 Wed Oct 16 18:26:55 MDT 2013
| Date             : Tue Jun 24 10:31:21 2014
| Host             : polarbox1 running 64-bit Ubuntu 14.04 LTS
| Command          : report_power -file red_pitaya_top_power_routed.rpt -pb red_pitaya_top_power_summary_routed.pb
| Design           : red_pitaya_top
| Device           : xc7z010clg400-1
| Design State     : Routed
| Grade            : commercial
| Process          : typical
| Characterization : Production
---------------------------------------------------------------------------------------------------------------------------

Power Report

Table of Contents
-----------------
1. Summary
1.1 On-Chip Components
1.2 Power Supply Summary
1.3 Confidence Level
2. Settings
2.1 Environment
2.2 Clock Constraints
3. Detailed Reports
3.1 By Hierarchy

1. Summary
----------

+--------------------------+-------+
| Total On-Chip Power (W)  | 1.689 |
| Dynamic (W)              | 1.557 |
| Device Static (W)        | 0.131 |
| Total Off-Chip Power (W) | 0.076 |
| Effective TJA (C/W)      | 11.5  |
| Max Ambient (C)          | 65.5  |
| Junction Temperature (C) | 44.5  |
| Confidence Level         | Low   |
| Setting File             | ---   |
| Simulation Activity File | ---   |
| Design Nets Matched      | NA    |
+--------------------------+-------+


1.1 On-Chip Components
----------------------

+-------------------------+-----------+----------+-----------+-----------------+
| On-Chip                 | Power (W) | Used     | Available | Utilization (%) |
+-------------------------+-----------+----------+-----------+-----------------+
| Clocks                  |     0.030 |        9 |       --- |             --- |
| Slice Logic             |     0.015 |     8425 |       --- |             --- |
|   LUT as Logic          |     0.012 |     3428 |     17600 |           19.48 |
|   CARRY4                |     0.002 |      342 |      4400 |            7.77 |
|   Register              |    <0.001 |     3781 |     35200 |           10.74 |
|   LUT as Shift Register |    <0.001 |       11 |      6000 |            0.18 |
|   F7/F8 Muxes           |    <0.001 |       21 |     17600 |            0.12 |
|   Others                |     0.000 |      264 |       --- |             --- |
| Signals                 |     0.020 |     7340 |       --- |             --- |
| Block RAM               |     0.102 |       28 |        60 |           46.67 |
| PLL                     |     0.101 |        1 |         2 |           50.00 |
| DSPs                    |     0.025 |       28 |        80 |           35.00 |
| I/O                     |     0.235 |       97 |       100 |           97.00 |
| XADC                    |     0.002 |        1 |       --- |             --- |
| PS7                     |     1.027 |        1 |       --- |             --- |
| Static Power            |     0.131 |          |           |                 |
| Total                   |     1.689 |          |           |                 |
+-------------------------+-----------+----------+-----------+-----------------+


1.2 Power Supply Summary
------------------------

+-----------+-------------+-----------+-------------+------------+
| Source    | Voltage (V) | Total (A) | Dynamic (A) | Static (A) |
+-----------+-------------+-----------+-------------+------------+
| Vccint    |       1.000 |     0.203 |       0.196 |      0.007 |
| Vccaux    |       1.800 |     0.080 |       0.068 |      0.012 |
| Vcco33    |       3.300 |     0.057 |       0.056 |      0.001 |
| Vcco25    |       2.500 |     0.000 |       0.000 |      0.000 |
| Vcco18    |       1.800 |     0.020 |       0.019 |      0.001 |
| Vcco15    |       1.500 |     0.000 |       0.000 |      0.000 |
| Vcco135   |       1.350 |     0.000 |       0.000 |      0.000 |
| Vcco12    |       1.200 |     0.000 |       0.000 |      0.000 |
| Vccaux_io |       1.800 |     0.000 |       0.000 |      0.000 |
| Vccbram   |       1.000 |     0.009 |       0.008 |      0.001 |
| MGTAVcc   |       1.000 |     0.000 |       0.000 |      0.000 |
| MGTAVtt   |       1.200 |     0.000 |       0.000 |      0.000 |
| MGTVccaux |       1.800 |     0.000 |       0.000 |      0.000 |
| Vccpint   |       1.000 |     0.366 |       0.336 |      0.030 |
| Vccpaux   |       1.800 |     0.030 |       0.020 |      0.010 |
| Vccpll    |       1.800 |     0.116 |       0.113 |      0.003 |
| Vcco_ddr  |       1.500 |     0.338 |       0.336 |      0.002 |
| Vcco_mio0 |       1.800 |     0.003 |       0.002 |      0.001 |
| Vcco_mio1 |       1.800 |     0.004 |       0.003 |      0.001 |
| Vccadc    |       1.800 |     0.021 |       0.001 |      0.020 |
+-----------+-------------+-----------+-------------+------------+


1.3 Confidence Level
--------------------

+-----------------------------+------------+--------------------------------------------------------+--------------------------------------------------------------------------------------------------------------------+
| User Input Data             | Confidence | Details                                                | Action                                                                                                             |
+-----------------------------+------------+--------------------------------------------------------+--------------------------------------------------------------------------------------------------------------------+
| Design implementation state | High       | Design is completely routed                            |                                                                                                                    |
| Clock nodes activity        | Low        | User specified less than 75% of clocks                 | Provide missing clock activity with a constraint file, simulation results or by editing the "By Clock Domain" view |
| I/O nodes activity          | Low        | More than 75% of inputs are missing user specification | Provide missing input activity with simulation results or by editing the "By Resource Type -> I/Os" view           |
| Internal nodes activity     | Medium     | User specified less than 25% of internal nodes         | Provide missing internal nodes activity with simulation results or by editing the "By Resource Type" views         |
| Device models               | High       | Device models are Production                           |                                                                                                                    |
|                             |            |                                                        |                                                                                                                    |
| Overall confidence level    | Low        |                                                        |                                                                                                                    |
+-----------------------------+------------+--------------------------------------------------------+--------------------------------------------------------------------------------------------------------------------+


2. Settings
-----------

2.1 Environment
---------------

+-----------------------+------------------------+
| Ambient Temp (C)      | 25.0                   |
| ThetaJA (C/W)         | 11.5                   |
| Airflow (LFM)         | 250                    |
| Heat Sink             | none                   |
| ThetaSA (C/W)         | 0.0                    |
| Board Selection       | medium (10"x10")       |
| # of Board Layers     | 8to11 (8 to 11 Layers) |
| Board Temperature (C) | 25.0                   |
+-----------------------+------------------------+


2.2 Clock Constraints
---------------------

+--------------+-------------------------------------------------------------------------+-----------------+
| Clock        | Domain                                                                  | Constraint (ns) |
+--------------+-------------------------------------------------------------------------+-----------------+
| adc_clk      | adc_clk_p_i                                                             |             8.0 |
| rx_clk       | daisy_p_i[1]                                                            |             4.0 |
| dac_2clk_out | i_analog/dac_2clk_out                                                   |             8.0 |
| dac_2ph_out  | i_analog/dac_2ph_out                                                    |             8.0 |
| dac_clk_fb   | i_analog/dac_clk_fb                                                     |             8.0 |
| dac_clk_out  | i_analog/dac_clk_out                                                    |             8.0 |
| ser_clk_out  | i_analog/ser_clk_out                                                    |             8.0 |
| par_clk      | i_daisy/i_rx/par_clk                                                    |             4.0 |
| clk_fpga_0   | i_ps/system_i/system_i/processing_system7_0/inst/FCLK_CLK_unbuffered[0] |             8.0 |
+--------------+-------------------------------------------------------------------------+-----------------+


3. Detailed Reports
-------------------

3.1 By Hierarchy
----------------

+------------------------------+-----------+
| Name                         | Power (W) |
+------------------------------+-----------+
| red_pitaya_top               |     1.557 |
|   exp_iobuf[0].i_iobufn      |    <0.001 |
|   exp_iobuf[0].i_iobufp      |    <0.001 |
|   exp_iobuf[1].i_iobufn      |    <0.001 |
|   exp_iobuf[1].i_iobufp      |    <0.001 |
|   exp_iobuf[2].i_iobufn      |    <0.001 |
|   exp_iobuf[2].i_iobufp      |    <0.001 |
|   exp_iobuf[3].i_iobufn      |    <0.001 |
|   exp_iobuf[3].i_iobufp      |    <0.001 |
|   exp_iobuf[4].i_iobufn      |    <0.001 |
|   exp_iobuf[4].i_iobufp      |    <0.001 |
|   exp_iobuf[5].i_iobufn      |    <0.001 |
|   exp_iobuf[5].i_iobufp      |    <0.001 |
|   exp_iobuf[6].i_iobufn      |    <0.001 |
|   exp_iobuf[6].i_iobufp      |    <0.001 |
|   exp_iobuf[7].i_iobufn      |    <0.001 |
|   exp_iobuf[7].i_iobufp      |    <0.001 |
|   i_ams                      |     0.004 |
|   i_analog                   |     0.112 |
|   i_asg                      |     0.073 |
|     i_bridge                 |    <0.001 |
|     i_cha                    |     0.035 |
|     i_chb                    |     0.035 |
|   i_daisy                    |     0.031 |
|     i_OBUF_clk               |     0.021 |
|     i_OBUF_dat               |     0.004 |
|     i_rx                     |     0.002 |
|     i_test                   |     0.002 |
|     i_tx                     |     0.001 |
|   i_hk                       |     0.001 |
|   i_pid                      |     0.031 |
|     i_bridge                 |    <0.001 |
|     i_pid11                  |     0.007 |
|     i_pid12                  |     0.007 |
|     i_pid21                  |     0.007 |
|     i_pid22                  |     0.007 |
|   i_ps                       |     1.029 |
|     i_gp0_slave              |     0.002 |
|     system_i                 |     1.027 |
|       system_i               |     1.027 |
|         processing_system7_0 |     1.027 |
|           inst               |     1.027 |
|   i_scope                    |     0.057 |
|     i_bridge                 |    <0.001 |
|     i_dfilt1_cha             |     0.005 |
|     i_dfilt1_chb             |     0.005 |
|   i_test                     |     0.011 |
+------------------------------+-----------+


